<?xml version="1.0" encoding="UTF-8" ?>
<testsuite tests="5" failures="0" name="in.jwinnow.FingerprintTest" time="0.057" errors="0" skipped="0">
  <properties>
[...]
</properties>
  <testcase classname="in.jwinnow.FingerprintTest" name="testWinnowUsingCharacters" time="0.036"/>
  <testcase classname="in.jwinnow.FingerprintTest" name="testRemoveWhiteSpaceAndMakeLowercase" time="0"/>
  <testcase classname="in.jwinnow.FingerprintTest" name="testGetHash" time="0"/>
  <testcase classname="in.jwinnow.FingerprintTest" name="testWinnowUsingWords" time="0.021"/>
  <testcase classname="in.jwinnow.FingerprintTest" name="testGetParams" time="0"/>
</testsuite>